05:28:38.342 (index):103 [DependencySystem] Registering module: AppBus
05:28:38.342 (index):103 [DependencySystem] Registering module: domAPI
05:28:38.342 (index):103 [DependencySystem] Registering module: browserAPI
05:28:38.342 (index):103 [DependencySystem] Registering module: browserService
05:28:38.342 (index):103 [DependencySystem] Registering module: storage
05:28:38.342 (index):103 [DependencySystem] Registering module: uiUtils
05:28:38.342 (index):103 [DependencySystem] Registering module: globalUtils
05:28:38.342 (index):103 [DependencySystem] Registering module: sanitizer
05:28:38.342 (index):103 [DependencySystem] Registering module: domPurify
05:28:38.342 (index):103 [DependencySystem] Registering module: FileUploadComponent
05:28:38.342 (index):103 [DependencySystem] Registering module: apiEndpoints
05:28:38.342 (index):103 [DependencySystem] Registering module: appModule
05:28:38.342 (index):103 [DependencySystem] Registering module: app
05:28:38.342 app.js:186 [APP] Creating notification handler...
05:28:38.343 app.js:196 [APP] Registering notification handler...
05:28:38.343 (index):103 [DependencySystem] Registering module: notificationHandler
05:28:38.343 app.js:200 [APP] Initializing notification handler...
05:28:38.344 (index):795 [ModalLoader] DOM content loaded, will attempt to load modals.html
05:28:38.344 (index):824 [ModalLoader] Starting fetch for /static/html/modals.html...
05:28:38.402 (index):832 [ModalLoader] Fetch response status: 200
05:28:38.433 (index):827 Fetch finished loading: GET "http://localhost:8000/static/html/modals.html".
loadModalsHtml @ (index):827
(anonymous) @ (index):867
05:28:38.448 (index):846 [ModalLoader] Fetch successful, received html length: 34641
05:28:38.448 (index):847 [ModalLoader] Injecting HTML into DOM...
05:28:38.449 (index):852 [ModalLoader] HTML injected, dispatching modalsLoaded event...
05:28:38.450 (index):856 [ModalLoader] modalsLoaded event dispatched. Modal system ready.
05:28:38.593 content_script.js:1 [Violation] 'setTimeout' handler took 56ms
05:28:38.788 [Violation] Forced reflow while executing JavaScript took 42ms
05:28:38.916 menu.js:6 [Violation] Added non-passive event listener to a scroll-blocking 'wheel' event. Consider marking event handler as 'passive' to make the page more responsive. See https://www.chromestatus.com/feature/5745543795965952
$ @ menu.js:6
m @ menu.js:90
T @ menu.js:6
m @ menu.js:104
T @ menu.js:6
m @ menu.js:104
p @ menu.js:104
lp @ menu.js:6
hn @ menu.js:6
05:28:43.343 app.js:203 [APP] Notification handler initialized successfully
05:28:43.343 app.js:209 [APP] Creating notify system...
05:28:43.344 app.js:216 [APP] Registering notify system...
05:28:43.344 (index):103 [DependencySystem] Registering module: notify
05:28:43.344 app.js:220 [APP] Testing notification system...
05:28:43.344 app.js:227 [APP] Test notification sent successfully
05:28:43.344 (index):103 [DependencySystem] Registering module: sentryManager
05:28:43.344 (index):103 [DependencySystem] Registering module: errorReporter
05:28:43.345 (index):103 [DependencySystem] Registering module: debugTools
05:28:43.345 (index):103 [DependencySystem] Registering module: apiRequest
05:28:43.345 (index):103 [DependencySystem] Registering module: backendLogger
05:28:43.345 app.js:308 [DEBUG] app.js loaded - notification system test
05:28:43.345 app.js:309 [DEBUG] notificationHandler initialized: true
05:28:43.345 app.js:310 [DEBUG] notify initialized: true
05:28:43.345 app.js:311 [DEBUG] backendLogger initialized: true
05:28:43.345 (index):103 [DependencySystem] Registering module: eventHandlers
05:28:43.345 (index):103 [DependencySystem] Registering module: accessibilityUtils
05:28:43.346 (index):103 [DependencySystem] Registering module: navigationService
05:28:43.346 (index):103 [DependencySystem] Registering module: htmlTemplateLoader
05:28:43.346 (index):103 [DependencySystem] Registering module: currentUser
05:28:43.346 app.js:2029 [APP] Starting initialization...
05:28:43.346 app.js:2040 [APP] Document already loaded, calling init() immediately
05:28:43.346 notification-handler.js:34 [2025-05-14T10:28:43.346Z] NOTIFICATION SYSTEM ACTIVE
05:28:43.346 notification-handler.js:42 [2025-05-14T10:28:43.346Z] [App:bootstrap:notificationSetup] Notification system initialized {originalError: undefined, timeout: 4000, id: 'info-1747218523346', group: undefined}
05:28:43.346 notification-handler.js:241 [NOTIFICATION] show() called with message: "Notification system initialized", type: info {timeout: 4000, id: 'info-1747218523346', context: 'bootstrap', module: 'App', source: 'notificationSetup', …}
05:28:43.347 notification-handler.js:34 [2025-05-14T10:28:43.347Z] NOTIFICATION SYSTEM ACTIVE
05:28:43.347 notification-handler.js:38 [2025-05-14T10:28:43.347Z] [Notification] [Sentry] Disabled via environment or user preference {originalError: undefined, timeout: 3000, id: 'debug-1747218523347', group: undefined}
05:28:43.347 notification-handler.js:241 [NOTIFICATION] show() called with message: "[Sentry] Disabled via environment or user preference", type: debug {timeout: 3000, id: 'debug-1747218523347', context: undefined, module: undefined, source: undefined, …}
05:28:43.347 notification-handler.js:34 [2025-05-14T10:28:43.347Z] NOTIFICATION SYSTEM ACTIVE
05:28:43.347 notification-handler.js:42 [2025-05-14T10:28:43.347Z] [App] app.js loaded at import {originalError: undefined, timeout: 4000, id: 'info-1747218523347', group: undefined}
05:28:43.347 notification-handler.js:241 [NOTIFICATION] show() called with message: "app.js loaded at import", type: info {timeout: 4000, id: 'info-1747218523347', context: '', module: 'App', source: '', …}
05:28:43.347 notification-handler.js:34 [2025-05-14T10:28:43.347Z] NOTIFICATION SYSTEM ACTIVE
05:28:43.347 notification-handler.js:42 [2025-05-14T10:28:43.347Z] [App:bootstrap:appObject] "currentUser" initially registered as null in DI. {originalError: undefined, timeout: 4000, id: 'info-1747218523347', group: undefined}
05:28:43.347 notification-handler.js:241 [NOTIFICATION] show() called with message: ""currentUser" initially registered as null in DI.", type: info {timeout: 4000, id: 'info-1747218523347', context: 'bootstrap', module: 'App', source: 'appObject', …}
05:28:43.349 notification-handler.js:76 [NOTIFICATION] ensureContainer called
05:28:43.349 notification-handler.js:76 [NOTIFICATION] ensureContainer called
05:28:43.349 notification-handler.js:34 [2025-05-14T10:28:43.349Z] NOTIFICATION SYSTEM ACTIVE
05:28:43.349 notification-handler.js:38 [2025-05-14T10:28:43.349Z] [ApiClient:apiRequest:requestInitiated] [API] POST /api/log_notification {originalError: undefined, timeout: 3000, id: 'debug-1747218523349', group: undefined}
05:28:43.349 notification-handler.js:241 [NOTIFICATION] show() called with message: "[API] POST /api/log_notification", type: debug {timeout: 3000, id: 'debug-1747218523349', context: 'apiRequest', module: 'ApiClient', source: 'requestInitiated', …}
05:28:43.350 notification-handler.js:76 [NOTIFICATION] ensureContainer called
05:28:43.350 notification-handler.js:76 [NOTIFICATION] ensureContainer called
05:28:43.350 notification-handler.js:85 [NOTIFICATION] Container from getElementById: null
05:28:43.350 notification-handler.js:88 [NOTIFICATION] Creating new container
05:28:43.350 notification-handler.js:114 [NOTIFICATION] Body element: <body class=​"bg-base-200 text-base-content h-screen flex flex-col font-sans">​…​</body>​flex
05:28:43.350 notification-handler.js:118 [NOTIFICATION] Container appended to body
05:28:43.350 notification-handler.js:131 [NOTIFICATION] Final container: <div id=​"notificationArea" role=​"region" aria-label=​"Notifications" style=​"position:​ fixed;​ z-index:​ 10000;​ max-width:​ 28rem;​ width:​ calc(-2rem + 100vw)​;​ pointer-events:​ none;​ display:​ flex;​ flex-direction:​ column;​ gap:​ 0.5rem;​ background-color:​ rgba(0, 0, 0, 0.1)​;​ top:​ 1rem;​ right:​ 1rem;​">​…​</div>​flexscroll
05:28:43.350 notification-handler.js:80 [NOTIFICATION] Container already exists: <div id=​"notificationArea" role=​"region" aria-label=​"Notifications" style=​"position:​ fixed;​ z-index:​ 10000;​ max-width:​ 28rem;​ width:​ calc(-2rem + 100vw)​;​ pointer-events:​ none;​ display:​ flex;​ flex-direction:​ column;​ gap:​ 0.5rem;​ background-color:​ rgba(0, 0, 0, 0.1)​;​ top:​ 1rem;​ right:​ 1rem;​">​…​</div>​flexscroll
05:28:43.350 notification-handler.js:80 [NOTIFICATION] Container already exists: <div id=​"notificationArea" role=​"region" aria-label=​"Notifications" style=​"position:​ fixed;​ z-index:​ 10000;​ max-width:​ 28rem;​ width:​ calc(-2rem + 100vw)​;​ pointer-events:​ none;​ display:​ flex;​ flex-direction:​ column;​ gap:​ 0.5rem;​ background-color:​ rgba(0, 0, 0, 0.1)​;​ top:​ 1rem;​ right:​ 1rem;​">​…​</div>​flexscroll
05:28:43.350 notification-handler.js:80 [NOTIFICATION] Container already exists: <div id=​"notificationArea" role=​"region" aria-label=​"Notifications" style=​"position:​ fixed;​ z-index:​ 10000;​ max-width:​ 28rem;​ width:​ calc(-2rem + 100vw)​;​ pointer-events:​ none;​ display:​ flex;​ flex-direction:​ column;​ gap:​ 0.5rem;​ background-color:​ rgba(0, 0, 0, 0.1)​;​ top:​ 1rem;​ right:​ 1rem;​">​…​</div>​flexscroll
05:28:43.351 notification-handler.js:253 [NOTIFICATION] Container created: <div id=​"notificationArea" role=​"region" aria-label=​"Notifications" style=​"position:​ fixed;​ z-index:​ 10000;​ max-width:​ 28rem;​ width:​ calc(-2rem + 100vw)​;​ pointer-events:​ none;​ display:​ flex;​ flex-direction:​ column;​ gap:​ 0.5rem;​ background-color:​ rgba(0, 0, 0, 0.1)​;​ top:​ 1rem;​ right:​ 1rem;​">​…​</div>​flexscroll
05:28:43.351 notification-handler.js:254 [NOTIFICATION] Container children: 0
05:28:43.351 notification-handler.js:270 [NOTIFICATION] Banner added to container
05:28:43.351 notification-handler.js:253 [NOTIFICATION] Container created: <div id=​"notificationArea" role=​"region" aria-label=​"Notifications" style=​"position:​ fixed;​ z-index:​ 10000;​ max-width:​ 28rem;​ width:​ calc(-2rem + 100vw)​;​ pointer-events:​ none;​ display:​ flex;​ flex-direction:​ column;​ gap:​ 0.5rem;​ background-color:​ rgba(0, 0, 0, 0.1)​;​ top:​ 1rem;​ right:​ 1rem;​">​…​</div>​flexscroll
05:28:43.351 notification-handler.js:254 [NOTIFICATION] Container children: 1
05:28:43.351 notification-handler.js:270 [NOTIFICATION] Banner added to container
05:28:43.351 notification-handler.js:76 [NOTIFICATION] ensureContainer called
05:28:43.351 notification-handler.js:253 [NOTIFICATION] Container created: <div id=​"notificationArea" role=​"region" aria-label=​"Notifications" style=​"position:​ fixed;​ z-index:​ 10000;​ max-width:​ 28rem;​ width:​ calc(-2rem + 100vw)​;​ pointer-events:​ none;​ display:​ flex;​ flex-direction:​ column;​ gap:​ 0.5rem;​ background-color:​ rgba(0, 0, 0, 0.1)​;​ top:​ 1rem;​ right:​ 1rem;​">​…​</div>​flexscroll
05:28:43.351 notification-handler.js:254 [NOTIFICATION] Container children: 2
05:28:43.351 notification-handler.js:270 [NOTIFICATION] Banner added to container
05:28:43.351 notification-handler.js:253 [NOTIFICATION] Container created: <div id=​"notificationArea" role=​"region" aria-label=​"Notifications" style=​"position:​ fixed;​ z-index:​ 10000;​ max-width:​ 28rem;​ width:​ calc(-2rem + 100vw)​;​ pointer-events:​ none;​ display:​ flex;​ flex-direction:​ column;​ gap:​ 0.5rem;​ background-color:​ rgba(0, 0, 0, 0.1)​;​ top:​ 1rem;​ right:​ 1rem;​">​…​</div>​flexscroll
05:28:43.351 notification-handler.js:254 [NOTIFICATION] Container children: 3
05:28:43.351 notification-handler.js:270 [NOTIFICATION] Banner added to container
05:28:43.351 notification-handler.js:80 [NOTIFICATION] Container already exists: <div id=​"notificationArea" role=​"region" aria-label=​"Notifications" style=​"position:​ fixed;​ z-index:​ 10000;​ max-width:​ 28rem;​ width:​ calc(-2rem + 100vw)​;​ pointer-events:​ none;​ display:​ flex;​ flex-direction:​ column;​ gap:​ 0.5rem;​ background-color:​ rgba(0, 0, 0, 0.1)​;​ top:​ 1rem;​ right:​ 1rem;​">​…​</div>​flexscroll
05:28:43.351 notification-handler.js:253 [NOTIFICATION] Container created: <div id=​"notificationArea" role=​"region" aria-label=​"Notifications" style=​"position:​ fixed;​ z-index:​ 10000;​ max-width:​ 28rem;​ width:​ calc(-2rem + 100vw)​;​ pointer-events:​ none;​ display:​ flex;​ flex-direction:​ column;​ gap:​ 0.5rem;​ background-color:​ rgba(0, 0, 0, 0.1)​;​ top:​ 1rem;​ right:​ 1rem;​">​…​</div>​flexscroll
05:28:43.351 notification-handler.js:254 [NOTIFICATION] Container children: 4
05:28:43.352 notification-handler.js:270 [NOTIFICATION] Banner added to container
05:28:43.352 notification-handler.js:34 [2025-05-14T10:28:43.352Z] NOTIFICATION SYSTEM ACTIVE
05:28:43.352 notification-handler.js:38 [2025-05-14T10:28:43.352Z] [ApiClient:apiRequest:requestInitiated] [API] POST /api/log_notification {originalError: undefined, timeout: 3000, id: 'debug-1747218523352', group: undefined}
05:28:43.352 notification-handler.js:241 [NOTIFICATION] show() called with message: "[API] POST /api/log_notification", type: debug {timeout: 3000, id: 'debug-1747218523352', context: 'apiRequest', module: 'ApiClient', source: 'requestInitiated', …}
05:28:43.353 notification-handler.js:76 [NOTIFICATION] ensureContainer called
05:28:43.353 notification-handler.js:80 [NOTIFICATION] Container already exists: <div id=​"notificationArea" role=​"region" aria-label=​"Notifications" style=​"position:​ fixed;​ z-index:​ 10000;​ max-width:​ 28rem;​ width:​ calc(-2rem + 100vw)​;​ pointer-events:​ none;​ display:​ flex;​ flex-direction:​ column;​ gap:​ 0.5rem;​ background-color:​ rgba(0, 0, 0, 0.1)​;​ top:​ 1rem;​ right:​ 1rem;​">​…​</div>​flexscroll
05:28:43.353 notification-handler.js:253 [NOTIFICATION] Container created: <div id=​"notificationArea" role=​"region" aria-label=​"Notifications" style=​"position:​ fixed;​ z-index:​ 10000;​ max-width:​ 28rem;​ width:​ calc(-2rem + 100vw)​;​ pointer-events:​ none;​ display:​ flex;​ flex-direction:​ column;​ gap:​ 0.5rem;​ background-color:​ rgba(0, 0, 0, 0.1)​;​ top:​ 1rem;​ right:​ 1rem;​">​…​</div>​flexscroll
05:28:43.353 notification-handler.js:254 [NOTIFICATION] Container children: 5
05:28:43.353 notification-handler.js:270 [NOTIFICATION] Banner added to container
05:28:43.354 globalUtils.js:212 waitForDepsAndDom: Conditions met for source 'waitForDepsAndDom'. Deps: [domAPI, notify], DOM: [body] {source: 'waitForDepsAndDom'}
05:28:43.354 notification-handler.js:34 [2025-05-14T10:28:43.354Z] NOTIFICATION SYSTEM ACTIVE
05:28:43.354 notification-handler.js:38 [2025-05-14T10:28:43.354Z] [notifications-helpers:debugTools:start] [trace:start] App.init {originalError: undefined, timeout: 3000, label: 'App.init', id: 'debug-1747218523354', group: undefined}
05:28:43.354 notification-handler.js:241 [NOTIFICATION] show() called with message: "[trace:start] App.init", type: debug {timeout: 3000, label: 'App.init', id: 'debug-1747218523354', context: 'debugTools', module: 'notifications-helpers', …}
05:28:43.354 notification-handler.js:34 [2025-05-14T10:28:43.354Z] NOTIFICATION SYSTEM ACTIVE
05:28:43.354 notification-handler.js:38 [2025-05-14T10:28:43.354Z] [App:init:init.start] START init() {originalError: undefined, timeout: 3000, id: 'debug-1747218523354', group: undefined}
05:28:43.354 notification-handler.js:241 [NOTIFICATION] show() called with message: "START init()", type: debug {timeout: 3000, id: 'debug-1747218523354', context: 'init', module: 'App', source: 'init.start', …}
05:28:43.354 notification-handler.js:34 [2025-05-14T10:28:43.354Z] NOTIFICATION SYSTEM ACTIVE
05:28:43.354 notification-handler.js:38 [2025-05-14T10:28:43.354Z] [notifications-helpers:debugTools:start] [trace:start] initializeCoreSystems {originalError: undefined, timeout: 3000, label: 'initializeCoreSystems', id: 'debug-1747218523354', group: undefined}
05:28:43.355 notification-handler.js:241 [NOTIFICATION] show() called with message: "[trace:start] initializeCoreSystems", type: debug {timeout: 3000, label: 'initializeCoreSystems', id: 'debug-1747218523354', context: 'debugTools', module: 'notifications-helpers', …}
05:28:43.355 notification-handler.js:34 [2025-05-14T10:28:43.355Z] NOTIFICATION SYSTEM ACTIVE
05:28:43.355 notification-handler.js:42 [2025-05-14T10:28:43.355Z] [App:initializeCoreSystems:initializeCoreSystems.start] Initializing core systems... {originalError: undefined, timeout: 4000, timestamp: 1747218523354, transactionId: 'core-txn-1747218523354', id: 'info-1747218523355', …}
05:28:43.355 notification-handler.js:241 [NOTIFICATION] show() called with message: "Initializing core systems...", type: info {timeout: 4000, timestamp: 1747218523354, transactionId: 'core-txn-1747218523354', id: 'info-1747218523355', context: 'initializeCoreSystems', …}
05:28:43.355 (index):103 [DependencySystem] Registering module: modalManager
05:28:43.356 (index):103 [DependencySystem] Registering module: auth
05:28:43.356 (index):103 [DependencySystem] Registering module: modelConfig
05:28:43.357 (index):103 [DependencySystem] Registering module: chatManager
05:28:43.357 (index):103 [DependencySystem] Registering module: projectManager
05:28:43.358 notification-handler.js:34 [2025-05-14T10:28:43.358Z] NOTIFICATION SYSTEM ACTIVE
05:28:43.358 notification-handler.js:38 [2025-05-14T10:28:43.358Z] [ApiClient:apiRequest:requestInitiated] [API] POST /api/log_notification {originalError: undefined, timeout: 3000, id: 'debug-1747218523358', group: undefined}
05:28:43.358 notification-handler.js:241 [NOTIFICATION] show() called with message: "[API] POST /api/log_notification", type: debug {timeout: 3000, id: 'debug-1747218523358', context: 'apiRequest', module: 'ApiClient', source: 'requestInitiated', …}
05:28:43.359 notification-handler.js:34 [2025-05-14T10:28:43.359Z] NOTIFICATION SYSTEM ACTIVE
05:28:43.359 notification-handler.js:38 [2025-05-14T10:28:43.359Z] [ChatManager:chatManager:factory] createChatManager called. Dependencies validated. {originalError: undefined, timeout: 3000, dependencies: {…}, id: 'debug-1747218523359', group: undefined}
05:28:43.359 notification-handler.js:241 [NOTIFICATION] show() called with message: "createChatManager called. Dependencies validated.", type: debug {timeout: 3000, dependencies: {…}, id: 'debug-1747218523359', context: 'chatManager', module: 'ChatManager', …}
05:28:43.359 notification-handler.js:34 [2025-05-14T10:28:43.359Z] NOTIFICATION SYSTEM ACTIVE
05:28:43.359 notification-handler.js:38 [2025-05-14T10:28:43.359Z] [ChatManager:chatManager] [ChatManager Debug] Notify function (chatNotify) configured. {0: 'd', 1: 'e', 2: 'b', 3: 'u', 4: 'g', originalError: undefined, timeout: 3000, id: 'debug-1747218523359', group: undefined}
05:28:43.359 notification-handler.js:241 [NOTIFICATION] show() called with message: "[ChatManager Debug] Notify function (chatNotify) configured.", type: debug {0: 'd', 1: 'e', 2: 'b', 3: 'u', 4: 'g', timeout: 3000, id: 'debug-1747218523359', context: 'chatManager', module: 'ChatManager', source: undefined, …}
05:28:43.360 notification-handler.js:34 [2025-05-14T10:28:43.360Z] NOTIFICATION SYSTEM ACTIVE
05:28:43.360 notification-handler.js:38 [2025-05-14T10:28:43.360Z] [ChatManager:chatManager:factory] ChatManager class defined. Instantiating... {originalError: undefined, timeout: 3000, phase: 'pre_instantiate', id: 'debug-1747218523360', group: undefined}
05:28:43.360 notification-handler.js:241 [NOTIFICATION] show() called with message: "ChatManager class defined. Instantiating...", type: debug {timeout: 3000, phase: 'pre_instantiate', id: 'debug-1747218523360', context: 'chatManager', module: 'ChatManager', …}
05:28:43.360 notification-handler.js:34 [2025-05-14T10:28:43.360Z] NOTIFICATION SYSTEM ACTIVE
05:28:43.360 notification-handler.js:38 [2025-05-14T10:28:43.360Z] [ChatManager:chatManager:constructor] ChatManager constructor started. {originalError: undefined, timeout: 3000, phase: 'start', id: 'debug-1747218523360', group: undefined}
05:28:43.361 notification-handler.js:241 [NOTIFICATION] show() called with message: "ChatManager constructor started.", type: debug {timeout: 3000, phase: 'start', id: 'debug-1747218523360', context: 'chatManager', module: 'ChatManager', …}
05:28:43.361 notification-handler.js:34 [2025-05-14T10:28:43.361Z] NOTIFICATION SYSTEM ACTIVE
05:28:43.361 notification-handler.js:38 [2025-05-14T10:28:43.361Z] [ChatManager:chatManager:constructor] ChatManager constructor finished. {originalError: undefined, timeout: 3000, phase: 'end', initialState: {…}, id: 'debug-1747218523361', …}
05:28:43.361 notification-handler.js:241 [NOTIFICATION] show() called with message: "ChatManager constructor finished.", type: debug {timeout: 3000, phase: 'end', initialState: {…}, id: 'debug-1747218523361', context: 'chatManager', …}
05:28:43.361 notification-handler.js:34 [2025-05-14T10:28:43.361Z] NOTIFICATION SYSTEM ACTIVE
05:28:43.361 notification-handler.js:42 [2025-05-14T10:28:43.361Z] [ChatManager:chatManager:factory] ChatManager instance created successfully. {originalError: undefined, timeout: 4000, phase: 'instantiated', id: 'info-1747218523361', group: undefined}
05:28:43.361 notification-handler.js:241 [NOTIFICATION] show() called with message: "ChatManager instance created successfully.", type: info {timeout: 4000, phase: 'instantiated', id: 'info-1747218523361', context: 'chatManager', module: 'ChatManager', …}
05:28:43.361 notification-handler.js:34 [2025-05-14T10:28:43.361Z] NOTIFICATION SYSTEM ACTIVE
05:28:43.361 notification-handler.js:42 [2025-05-14T10:28:43.361Z] [ProjectManager:operations:constructor] ProjectManager initializing {originalError: undefined, timeout: 4000, id: 'info-1747218523361', group: undefined}
05:28:43.361 notification-handler.js:241 [NOTIFICATION] show() called with message: "ProjectManager initializing", type: info {timeout: 4000, id: 'info-1747218523361', context: 'operations', module: 'ProjectManager', source: 'constructor', …}
05:28:43.361 notification-handler.js:34 [2025-05-14T10:28:43.361Z] NOTIFICATION SYSTEM ACTIVE
05:28:43.361 notification-handler.js:38 [2025-05-14T10:28:43.361Z] [ProjectManager:projectManager:constructor] [ProjectManager] Configured API Endpoints: {originalError: undefined, timeout: 3000, id: 'debug-1747218523361', group: undefined}
05:28:43.361 notification-handler.js:241 [NOTIFICATION] show() called with message: "[ProjectManager] Configured API Endpoints:", type: debug {timeout: 3000, id: 'debug-1747218523361', context: 'projectManager', module: 'ProjectManager', source: 'constructor', …}
05:28:43.362 notification-handler.js:34 [2025-05-14T10:28:43.362Z] NOTIFICATION SYSTEM ACTIVE
05:28:43.362 notification-handler.js:42 [2025-05-14T10:28:43.362Z] [ProjectManager:projectManager:constructor] [ProjectManager] Initialized {originalError: undefined, timeout: 4000, id: 'info-1747218523362', group: true}
05:28:43.362 notification-handler.js:241 [NOTIFICATION] show() called with message: "[ProjectManager] Initialized", type: info {timeout: 4000, id: 'info-1747218523362', context: 'projectManager', module: 'ProjectManager', source: 'constructor', …}
05:28:43.362 notification-handler.js:76 [NOTIFICATION] ensureContainer called
05:28:43.363 notification-handler.js:76 [NOTIFICATION] ensureContainer called
05:28:43.363 notification-handler.js:76 [NOTIFICATION] ensureContainer called
05:28:43.363 notification-handler.js:76 [NOTIFICATION] ensureContainer called
05:28:43.363 notification-handler.js:34 [2025-05-14T10:28:43.363Z] NOTIFICATION SYSTEM ACTIVE
05:28:43.363 notification-handler.js:45  [2025-05-14T10:28:43.363Z] [ApiClient:apiRequest:csrfTokenMissing] [API] No CSRF for POST /api/log_notification {originalError: undefined, timeout: 6000, id: 'warning-1747218523363', group: undefined}
overrideMethod @ hook.js:608
logToConsoleImpl @ notification-handler.js:45
show @ notification-handler.js:238
send @ notify.js:64
await in send
warn @ notify.js:101
apiRequest @ apiClient.js:102
mainApiRequest.post @ apiClient.js:182
log @ backendLogger.js:86
await in log
buildModule @ modelConfig.js:739
createModelConfig @ modelConfig.js:748
initializeCoreSystems @ app.js:878
await in initializeCoreSystems
init @ app.js:460
setTimeout
(anonymous) @ app.js:2041
05:28:43.363 notification-handler.js:241 [NOTIFICATION] show() called with message: "[API] No CSRF for POST /api/log_notification", type: warning {timeout: 6000, id: 'warning-1747218523363', context: 'apiRequest', module: 'ApiClient', source: 'csrfTokenMissing', …}
05:28:43.364 notification-handler.js:34 [2025-05-14T10:28:43.364Z] NOTIFICATION SYSTEM ACTIVE
05:28:43.364 notification-handler.js:38 [2025-05-14T10:28:43.364Z] [ApiClient:apiRequest:requestInitiated] [API] POST /api/log_notification {originalError: undefined, timeout: 3000, id: 'debug-1747218523364', group: undefined}
05:28:43.364 notification-handler.js:241 [NOTIFICATION] show() called with message: "[API] POST /api/log_notification", type: debug {timeout: 3000, id: 'debug-1747218523364', context: 'apiRequest', module: 'ApiClient', source: 'requestInitiated', …}
05:28:43.364 notification-handler.js:34 [2025-05-14T10:28:43.364Z] NOTIFICATION SYSTEM ACTIVE
05:28:43.364 notification-handler.js:45  [2025-05-14T10:28:43.364Z] [ApiClient:apiRequest:csrfTokenMissing] [API] No CSRF for POST /api/log_notification {originalError: undefined, timeout: 6000, id: 'warning-1747218523364', group: undefined}
overrideMethod @ hook.js:608
logToConsoleImpl @ notification-handler.js:45
show @ notification-handler.js:238
send @ notify.js:64
await in send
warn @ notify.js:101
apiRequest @ apiClient.js:102
mainApiRequest.post @ apiClient.js:182
log @ backendLogger.js:86
await in log
ProjectManager @ projectManager.js:204
createProjectManager @ projectManager.js:819
initializeCoreSystems @ app.js:893
await in initializeCoreSystems
init @ app.js:460
setTimeout
(anonymous) @ app.js:2041
05:28:43.365 notification-handler.js:241 [NOTIFICATION] show() called with message: "[API] No CSRF for POST /api/log_notification", type: warning {timeout: 6000, id: 'warning-1747218523364', context: 'apiRequest', module: 'ApiClient', source: 'csrfTokenMissing', …}
05:28:43.365 notification-handler.js:34 [2025-05-14T10:28:43.365Z] NOTIFICATION SYSTEM ACTIVE
05:28:43.365 notification-handler.js:38 [2025-05-14T10:28:43.365Z] [ApiClient:apiRequest:requestInitiated] [API] POST /api/log_notification {originalError: undefined, timeout: 3000, id: 'debug-1747218523365', group: undefined}
05:28:43.365 notification-handler.js:241 [NOTIFICATION] show() called with message: "[API] POST /api/log_notification", type: debug {timeout: 3000, id: 'debug-1747218523365', context: 'apiRequest', module: 'ApiClient', source: 'requestInitiated', …}
05:28:43.365 notification-handler.js:34 [2025-05-14T10:28:43.365Z] NOTIFICATION SYSTEM ACTIVE
05:28:43.365 notification-handler.js:38 [2025-05-14T10:28:43.365Z] [notifications-helpers:debugTools:start] [trace:start] EventHandler.init {originalError: undefined, timeout: 3000, label: 'EventHandler.init', id: 'debug-1747218523365', group: undefined}
05:28:43.365 notification-handler.js:241 [NOTIFICATION] show() called with message: "[trace:start] EventHandler.init", type: debug {timeout: 3000, label: 'EventHandler.init', id: 'debug-1747218523365', context: 'debugTools', module: 'notifications-helpers', …}
05:28:43.365 notification-handler.js:34 [2025-05-14T10:28:43.365Z] NOTIFICATION SYSTEM ACTIVE
05:28:43.365 notification-handler.js:42 [2025-05-14T10:28:43.365Z] [EventHandler:init:init] Initializing event handlers... {originalError: undefined, timeout: 4000, id: 'info-1747218523365', group: undefined}
05:28:43.365 notification-handler.js:241 [NOTIFICATION] show() called with message: "Initializing event handlers...", type: info {timeout: 4000, id: 'info-1747218523365', context: 'init', module: 'EventHandler', source: 'init', …}
05:28:43.365 notification-handler.js:80 [NOTIFICATION] Container already exists: <div id=​"notificationArea" role=​"region" aria-label=​"Notifications" style=​"position:​ fixed;​ z-index:​ 10000;​ max-width:​ 28rem;​ width:​ calc(-2rem + 100vw)​;​ pointer-events:​ none;​ display:​ flex;​ flex-direction:​ column;​ gap:​ 0.5rem;​ background-color:​ rgba(0, 0, 0, 0.1)​;​ top:​ 1rem;​ right:​ 1rem;​">​…​</div>​flexscroll
05:28:43.365 notification-handler.js:80 [NOTIFICATION] Container already exists: <div id=​"notificationArea" role=​"region" aria-label=​"Notifications" style=​"position:​ fixed;​ z-index:​ 10000;​ max-width:​ 28rem;​ width:​ calc(-2rem + 100vw)​;​ pointer-events:​ none;​ display:​ flex;​ flex-direction:​ column;​ gap:​ 0.5rem;​ background-color:​ rgba(0, 0, 0, 0.1)​;​ top:​ 1rem;​ right:​ 1rem;​">​…​</div>​flexscroll
05:28:43.365 notification-handler.js:80 [NOTIFICATION] Container already exists: <div id=​"notificationArea" role=​"region" aria-label=​"Notifications" style=​"position:​ fixed;​ z-index:​ 10000;​ max-width:​ 28rem;​ width:​ calc(-2rem + 100vw)​;​ pointer-events:​ none;​ display:​ flex;​ flex-direction:​ column;​ gap:​ 0.5rem;​ background-color:​ rgba(0, 0, 0, 0.1)​;​ top:​ 1rem;​ right:​ 1rem;​">​…​</div>​flexscroll
05:28:43.365 notification-handler.js:80 [NOTIFICATION] Container already exists: <div id=​"notificationArea" role=​"region" aria-label=​"Notifications" style=​"position:​ fixed;​ z-index:​ 10000;​ max-width:​ 28rem;​ width:​ calc(-2rem + 100vw)​;​ pointer-events:​ none;​ display:​ flex;​ flex-direction:​ column;​ gap:​ 0.5rem;​ background-color:​ rgba(0, 0, 0, 0.1)​;​ top:​ 1rem;​ right:​ 1rem;​">​…​</div>​flexscroll
05:28:43.366 notification-handler.js:76 [NOTIFICATION] ensureContainer called
05:28:43.366 notification-handler.js:76 [NOTIFICATION] ensureContainer called
05:28:43.366 notification-handler.js:76 [NOTIFICATION] ensureContainer called
05:28:43.366 notification-handler.js:76 [NOTIFICATION] ensureContainer called
05:28:43.366 notification-handler.js:76 [NOTIFICATION] ensureContainer called
05:28:43.366 notification-handler.js:76 [NOTIFICATION] ensureContainer called
05:28:43.366 notification-handler.js:76 [NOTIFICATION] ensureContainer called
05:28:43.366 notification-handler.js:76 [NOTIFICATION] ensureContainer called
05:28:43.366 notification-handler.js:76 [NOTIFICATION] ensureContainer called
05:28:43.366 notification-handler.js:76 [NOTIFICATION] ensureContainer called
05:28:43.367 globalUtils.js:212 waitForDepsAndDom: Conditions met for source 'waitForDepsAndDom'. Deps: [app, auth, projectManager, modalManager, notify, domAPI, browserService], DOM: [body] {source: 'waitForDepsAndDom'}
05:28:43.367 notification-handler.js:253 [NOTIFICATION] Container created: <div id=​"notificationArea" role=​"region" aria-label=​"Notifications" style=​"position:​ fixed;​ z-index:​ 10000;​ max-width:​ 28rem;​ width:​ calc(-2rem + 100vw)​;​ pointer-events:​ none;​ display:​ flex;​ flex-direction:​ column;​ gap:​ 0.5rem;​ background-color:​ rgba(0, 0, 0, 0.1)​;​ top:​ 1rem;​ right:​ 1rem;​">​…​</div>​flexscroll
05:28:43.367 notification-handler.js:254 [NOTIFICATION] Container children: 5
05:28:43.367 notification-handler.js:270 [NOTIFICATION] Banner added to container
05:28:43.367 notification-handler.js:253 [NOTIFICATION] Container created: <div id=​"notificationArea" role=​"region" aria-label=​"Notifications" style=​"position:​ fixed;​ z-index:​ 10000;​ max-width:​ 28rem;​ width:​ calc(-2rem + 100vw)​;​ pointer-events:​ none;​ display:​ flex;​ flex-direction:​ column;​ gap:​ 0.5rem;​ background-color:​ rgba(0, 0, 0, 0.1)​;​ top:​ 1rem;​ right:​ 1rem;​">​…​</div>​flexscroll
05:28:43.367 notification-handler.js:254 [NOTIFICATION] Container children: 5
05:28:43.367 notification-handler.js:270 [NOTIFICATION] Banner added to container
05:28:43.367 notification-handler.js:253 [NOTIFICATION] Container created: <div id=​"notificationArea" role=​"region" aria-label=​"Notifications" style=​"position:​ fixed;​ z-index:​ 10000;​ max-width:​ 28rem;​ width:​ calc(-2rem + 100vw)​;​ pointer-events:​ none;​ display:​ flex;​ flex-direction:​ column;​ gap:​ 0.5rem;​ background-color:​ rgba(0, 0, 0, 0.1)​;​ top:​ 1rem;​ right:​ 1rem;​">​…​</div>​flexscroll
05:28:43.367 notification-handler.js:254 [NOTIFICATION] Container children: 5
05:28:43.368 notification-handler.js:270 [NOTIFICATION] Banner added to container
05:28:43.368 notification-handler.js:253 [NOTIFICATION] Container created: <div id=​"notificationArea" role=​"region" aria-label=​"Notifications" style=​"position:​ fixed;​ z-index:​ 10000;​ max-width:​ 28rem;​ width:​ calc(-2rem + 100vw)​;​ pointer-events:​ none;​ display:​ flex;​ flex-direction:​ column;​ gap:​ 0.5rem;​ background-color:​ rgba(0, 0, 0, 0.1)​;​ top:​ 1rem;​ right:​ 1rem;​">​…​</div>​flexscroll
05:28:43.368 notification-handler.js:254 [NOTIFICATION] Container children: 5
05:28:43.368 notification-handler.js:270 [NOTIFICATION] Banner added to container
05:28:43.368 notification-handler.js:80 [NOTIFICATION] Container already exists: <div id=​"notificationArea" role=​"region" aria-label=​"Notifications" style=​"position:​ fixed;​ z-index:​ 10000;​ max-width:​ 28rem;​ width:​ calc(-2rem + 100vw)​;​ pointer-events:​ none;​ display:​ flex;​ flex-direction:​ column;​ gap:​ 0.5rem;​ background-color:​ rgba(0, 0, 0, 0.1)​;​ top:​ 1rem;​ right:​ 1rem;​">​…​</div>​flexscroll
05:28:43.368 notification-handler.js:76 [NOTIFICATION] ensureContainer called
05:28:43.368 notification-handler.js:76 [NOTIFICATION] ensureContainer called
05:28:43.368 notification-handler.js:80 [NOTIFICATION] Container already exists: <div id=​"notificationArea" role=​"region" aria-label=​"Notifications" style=​"position:​ fixed;​ z-index:​ 10000;​ max-width:​ 28rem;​ width:​ calc(-2rem + 100vw)​;​ pointer-events:​ none;​ display:​ flex;​ flex-direction:​ column;​ gap:​ 0.5rem;​ background-color:​ rgba(0, 0, 0, 0.1)​;​ top:​ 1rem;​ right:​ 1rem;​">​…​</div>​flexscroll
05:28:43.368 notification-handler.js:80 [NOTIFICATION] Container already exists: <div id=​"notificationArea" role=​"region" aria-label=​"Notifications" style=​"position:​ fixed;​ z-index:​ 10000;​ max-width:​ 28rem;​ width:​ calc(-2rem + 100vw)​;​ pointer-events:​ none;​ display:​ flex;​ flex-direction:​ column;​ gap:​ 0.5rem;​ background-color:​ rgba(0, 0, 0, 0.1)​;​ top:​ 1rem;​ right:​ 1rem;​">​…​</div>​flexscroll
05:28:43.368 notification-handler.js:80 [NOTIFICATION] Container already exists: <div id=​"notificationArea" role=​"region" aria-label=​"Notifications" style=​"position:​ fixed;​ z-index:​ 10000;​ max-width:​ 28rem;​ width:​ calc(-2rem + 100vw)​;​ pointer-events:​ none;​ display:​ flex;​ flex-direction:​ column;​ gap:​ 0.5rem;​ background-color:​ rgba(0, 0, 0, 0.1)​;​ top:​ 1rem;​ right:​ 1rem;​">​…​</div>​flexscroll
05:28:43.368 notification-handler.js:80 [NOTIFICATION] Container already exists: <div id=​"notificationArea" role=​"region" aria-label=​"Notifications" style=​"position:​ fixed;​ z-index:​ 10000;​ max-width:​ 28rem;​ width:​ calc(-2rem + 100vw)​;​ pointer-events:​ none;​ display:​ flex;​ flex-direction:​ column;​ gap:​ 0.5rem;​ background-color:​ rgba(0, 0, 0, 0.1)​;​ top:​ 1rem;​ right:​ 1rem;​">​…​</div>​flexscroll
05:28:43.368 notification-handler.js:80 [NOTIFICATION] Container already exists: <div id=​"notificationArea" role=​"region" aria-label=​"Notifications" style=​"position:​ fixed;​ z-index:​ 10000;​ max-width:​ 28rem;​ width:​ calc(-2rem + 100vw)​;​ pointer-events:​ none;​ display:​ flex;​ flex-direction:​ column;​ gap:​ 0.5rem;​ background-color:​ rgba(0, 0, 0, 0.1)​;​ top:​ 1rem;​ right:​ 1rem;​">​…​</div>​flexscroll
05:28:43.368 notification-handler.js:80 [NOTIFICATION] Container already exists: <div id=​"notificationArea" role=​"region" aria-label=​"Notifications" style=​"position:​ fixed;​ z-index:​ 10000;​ max-width:​ 28rem;​ width:​ calc(-2rem + 100vw)​;​ pointer-events:​ none;​ display:​ flex;​ flex-direction:​ column;​ gap:​ 0.5rem;​ background-color:​ rgba(0, 0, 0, 0.1)​;​ top:​ 1rem;​ right:​ 1rem;​">​…​</div>​flexscroll
05:28:43.368 notification-handler.js:80 [NOTIFICATION] Container already exists: <div id=​"notificationArea" role=​"region" aria-label=​"Notifications" style=​"position:​ fixed;​ z-index:​ 10000;​ max-width:​ 28rem;​ width:​ calc(-2rem + 100vw)​;​ pointer-events:​ none;​ display:​ flex;​ flex-direction:​ column;​ gap:​ 0.5rem;​ background-color:​ rgba(0, 0, 0, 0.1)​;​ top:​ 1rem;​ right:​ 1rem;​">​…​</div>​flexscroll
05:28:43.368 notification-handler.js:80 [NOTIFICATION] Container already exists: <div id=​"notificationArea" role=​"region" aria-label=​"Notifications" style=​"position:​ fixed;​ z-index:​ 10000;​ max-width:​ 28rem;​ width:​ calc(-2rem + 100vw)​;​ pointer-events:​ none;​ display:​ flex;​ flex-direction:​ column;​ gap:​ 0.5rem;​ background-color:​ rgba(0, 0, 0, 0.1)​;​ top:​ 1rem;​ right:​ 1rem;​">​…​</div>​flexscroll
05:28:43.368 notification-handler.js:80 [NOTIFICATION] Container already exists: <div id=​"notificationArea" role=​"region" aria-label=​"Notifications" style=​"position:​ fixed;​ z-index:​ 10000;​ max-width:​ 28rem;​ width:​ calc(-2rem + 100vw)​;​ pointer-events:​ none;​ display:​ flex;​ flex-direction:​ column;​ gap:​ 0.5rem;​ background-color:​ rgba(0, 0, 0, 0.1)​;​ top:​ 1rem;​ right:​ 1rem;​">​…​</div>​flexscroll
05:28:43.368 notification-handler.js:76 [NOTIFICATION] ensureContainer called
05:28:43.368 notification-handler.js:76 [NOTIFICATION] ensureContainer called
05:28:43.369 notification-handler.js:76 [NOTIFICATION] ensureContainer called
05:28:43.369 notification-handler.js:76 [NOTIFICATION] ensureContainer called
05:28:43.369 notification-handler.js:34 [2025-05-14T10:28:43.369Z] NOTIFICATION SYSTEM ACTIVE
05:28:43.369 notification-handler.js:45  [2025-05-14T10:28:43.369Z] [ApiClient:apiRequest:csrfTokenMissing] [API] No CSRF for POST /api/log_notification {originalError: undefined, timeout: 6000, id: 'warning-1747218523369', group: undefined}
overrideMethod @ hook.js:608
logToConsoleImpl @ notification-handler.js:45
show @ notification-handler.js:238
send @ notify.js:64
await in send
warn @ notify.js:101
apiRequest @ apiClient.js:102
mainApiRequest.post @ apiClient.js:182
log @ backendLogger.js:86
await in log
init @ eventHandler.js:762
await in init
initializeCoreSystems @ app.js:917
await in initializeCoreSystems
init @ app.js:460
setTimeout
(anonymous) @ app.js:2041
05:28:43.369 notification-handler.js:241 [NOTIFICATION] show() called with message: "[API] No CSRF for POST /api/log_notification", type: warning {timeout: 6000, id: 'warning-1747218523369', context: 'apiRequest', module: 'ApiClient', source: 'csrfTokenMissing', …}
05:28:43.369 notification-handler.js:34 [2025-05-14T10:28:43.369Z] NOTIFICATION SYSTEM ACTIVE
05:28:43.369 notification-handler.js:38 [2025-05-14T10:28:43.369Z] [ApiClient:apiRequest:requestInitiated] [API] POST /api/log_notification {originalError: undefined, timeout: 3000, id: 'debug-1747218523369', group: undefined}
05:28:43.369 notification-handler.js:241 [NOTIFICATION] show() called with message: "[API] POST /api/log_notification", type: debug {timeout: 3000, id: 'debug-1747218523369', context: 'apiRequest', module: 'ApiClient', source: 'requestInitiated', …}
05:28:43.370 notification-handler.js:253 [NOTIFICATION] Container created: <div id=​"notificationArea" role=​"region" aria-label=​"Notifications" style=​"position:​ fixed;​ z-index:​ 10000;​ max-width:​ 28rem;​ width:​ calc(-2rem + 100vw)​;​ pointer-events:​ none;​ display:​ flex;​ flex-direction:​ column;​ gap:​ 0.5rem;​ background-color:​ rgba(0, 0, 0, 0.1)​;​ top:​ 1rem;​ right:​ 1rem;​">​…​</div>​flexscroll
05:28:43.370 notification-handler.js:254 [NOTIFICATION] Container children: 5
05:28:43.370 notification-handler.js:270 [NOTIFICATION] Banner added to container
05:28:43.370 notification-handler.js:80 [NOTIFICATION] Container already exists: <div id=​"notificationArea" role=​"region" aria-label=​"Notifications" style=​"position:​ fixed;​ z-index:​ 10000;​ max-width:​ 28rem;​ width:​ calc(-2rem + 100vw)​;​ pointer-events:​ none;​ display:​ flex;​ flex-direction:​ column;​ gap:​ 0.5rem;​ background-color:​ rgba(0, 0, 0, 0.1)​;​ top:​ 1rem;​ right:​ 1rem;​">​…​</div>​flexscroll
05:28:43.371 notification-handler.js:80 [NOTIFICATION] Container already exists: <div id=​"notificationArea" role=​"region" aria-label=​"Notifications" style=​"position:​ fixed;​ z-index:​ 10000;​ max-width:​ 28rem;​ width:​ calc(-2rem + 100vw)​;​ pointer-events:​ none;​ display:​ flex;​ flex-direction:​ column;​ gap:​ 0.5rem;​ background-color:​ rgba(0, 0, 0, 0.1)​;​ top:​ 1rem;​ right:​ 1rem;​">​…​</div>​flexscroll
05:28:43.371 notification-handler.js:253 [NOTIFICATION] Container created: <div id=​"notificationArea" role=​"region" aria-label=​"Notifications" style=​"position:​ fixed;​ z-index:​ 10000;​ max-width:​ 28rem;​ width:​ calc(-2rem + 100vw)​;​ pointer-events:​ none;​ display:​ flex;​ flex-direction:​ column;​ gap:​ 0.5rem;​ background-color:​ rgba(0, 0, 0, 0.1)​;​ top:​ 1rem;​ right:​ 1rem;​">​…​</div>​flexscroll
05:28:43.371 notification-handler.js:254 [NOTIFICATION] Container children: 5
05:28:43.371 notification-handler.js:270 [NOTIFICATION] Banner added to container
05:28:43.371 notification-handler.js:253 [NOTIFICATION] Container created: <div id=​"notificationArea" role=​"region" aria-label=​"Notifications" style=​"position:​ fixed;​ z-index:​ 10000;​ max-width:​ 28rem;​ width:​ calc(-2rem + 100vw)​;​ pointer-events:​ none;​ display:​ flex;​ flex-direction:​ column;​ gap:​ 0.5rem;​ background-color:​ rgba(0, 0, 0, 0.1)​;​ top:​ 1rem;​ right:​ 1rem;​">​…​</div>​flexscroll
05:28:43.371 notification-handler.js:254 [NOTIFICATION] Container children: 5
05:28:43.371 notification-handler.js:270 [NOTIFICATION] Banner added to container
05:28:43.371 notification-handler.js:253 [NOTIFICATION] Container created: <div id=​"notificationArea" role=​"region" aria-label=​"Notifications" style=​"position:​ fixed;​ z-index:​ 10000;​ max-width:​ 28rem;​ width:​ calc(-2rem + 100vw)​;​ pointer-events:​ none;​ display:​ flex;​ flex-direction:​ column;​ gap:​ 0.5rem;​ background-color:​ rgba(0, 0, 0, 0.1)​;​ top:​ 1rem;​ right:​ 1rem;​">​…​</div>​flexscroll
05:28:43.371 notification-handler.js:254 [NOTIFICATION] Container children: 5
05:28:43.371 notification-handler.js:270 [NOTIFICATION] Banner added to container
05:28:43.371 notification-handler.js:253 [NOTIFICATION] Container created: <div id=​"notificationArea" role=​"region" aria-label=​"Notifications" style=​"position:​ fixed;​ z-index:​ 10000;​ max-width:​ 28rem;​ width:​ calc(-2rem + 100vw)​;​ pointer-events:​ none;​ display:​ flex;​ flex-direction:​ column;​ gap:​ 0.5rem;​ background-color:​ rgba(0, 0, 0, 0.1)​;​ top:​ 1rem;​ right:​ 1rem;​">​</div>​flexscroll
05:28:43.371 notification-handler.js:254 [NOTIFICATION] Container children: 5
05:28:43.371 notification-handler.js:270 [NOTIFICATION] Banner added to container
05:28:43.371 notification-handler.js:253 [NOTIFICATION] Container created: <div id=​"notificationArea" role=​"region" aria-label=​"Notifications" style=​"position:​ fixed;​ z-index:​ 10000;​ max-width:​ 28rem;​ width:​ calc(-2rem + 100vw)​;​ pointer-events:​ none;​ display:​ flex;​ flex-direction:​ column;​ gap:​ 0.5rem;​ background-color:​ rgba(0, 0, 0, 0.1)​;​ top:​ 1rem;​ right:​ 1rem;​">​</div>​flexscroll
05:28:43.371 notification-handler.js:254 [NOTIFICATION] Container children: 5
05:28:43.371 notification-handler.js:270 [NOTIFICATION] Banner added to container
05:28:43.371 notification-handler.js:253 [NOTIFICATION] Container created: <div id=​"notificationArea" role=​"region" aria-label=​"Notifications" style=​"position:​ fixed;​ z-index:​ 10000;​ max-width:​ 28rem;​ width:​ calc(-2rem + 100vw)​;​ pointer-events:​ none;​ display:​ flex;​ flex-direction:​ column;​ gap:​ 0.5rem;​ background-color:​ rgba(0, 0, 0, 0.1)​;​ top:​ 1rem;​ right:​ 1rem;​">​</div>​flexscroll
05:28:43.371 notification-handler.js:254 [NOTIFICATION] Container children: 5
05:28:43.371 notification-handler.js:270 [NOTIFICATION] Banner added to container
05:28:43.371 notification-handler.js:253 [NOTIFICATION] Container created: <div id=​"notificationArea" role=​"region" aria-label=​"Notifications" style=​"position:​ fixed;​ z-index:​ 10000;​ max-width:​ 28rem;​ width:​ calc(-2rem + 100vw)​;​ pointer-events:​ none;​ display:​ flex;​ flex-direction:​ column;​ gap:​ 0.5rem;​ background-color:​ rgba(0, 0, 0, 0.1)​;​ top:​ 1rem;​ right:​ 1rem;​">​</div>​flexscroll
05:28:43.372 notification-handler.js:254 [NOTIFICATION] Container children: 5
05:28:43.372 notification-handler.js:270 [NOTIFICATION] Banner added to container
05:28:43.372 notification-handler.js:253 [NOTIFICATION] Container created: <div id=​"notificationArea" role=​"region" aria-label=​"Notifications" style=​"position:​ fixed;​ z-index:​ 10000;​ max-width:​ 28rem;​ width:​ calc(-2rem + 100vw)​;​ pointer-events:​ none;​ display:​ flex;​ flex-direction:​ column;​ gap:​ 0.5rem;​ background-color:​ rgba(0, 0, 0, 0.1)​;​ top:​ 1rem;​ right:​ 1rem;​">​</div>​flexscroll
05:28:43.372 notification-handler.js:254 [NOTIFICATION] Container children: 5
05:28:43.372 notification-handler.js:270 [NOTIFICATION] Banner added to container
05:28:43.372 notification-handler.js:253 [NOTIFICATION] Container created: <div id=​"notificationArea" role=​"region" aria-label=​"Notifications" style=​"position:​ fixed;​ z-index:​ 10000;​ max-width:​ 28rem;​ width:​ calc(-2rem + 100vw)​;​ pointer-events:​ none;​ display:​ flex;​ flex-direction:​ column;​ gap:​ 0.5rem;​ background-color:​ rgba(0, 0, 0, 0.1)​;​ top:​ 1rem;​ right:​ 1rem;​">​</div>​flexscroll
05:28:43.372 notification-handler.js:254 [NOTIFICATION] Container children: 5
05:28:43.372 notification-handler.js:270 [NOTIFICATION] Banner added to container
05:28:43.372 notification-handler.js:80 [NOTIFICATION] Container already exists: <div id=​"notificationArea" role=​"region" aria-label=​"Notifications" style=​"position:​ fixed;​ z-index:​ 10000;​ max-width:​ 28rem;​ width:​ calc(-2rem + 100vw)​;​ pointer-events:​ none;​ display:​ flex;​ flex-direction:​ column;​ gap:​ 0.5rem;​ background-color:​ rgba(0, 0, 0, 0.1)​;​ top:​ 1rem;​ right:​ 1rem;​">​</div>​flexscroll
05:28:43.372 notification-handler.js:80 [NOTIFICATION] Container already exists: <div id=​"notificationArea" role=​"region" aria-label=​"Notifications" style=​"position:​ fixed;​ z-index:​ 10000;​ max-width:​ 28rem;​ width:​ calc(-2rem + 100vw)​;​ pointer-events:​ none;​ display:​ flex;​ flex-direction:​ column;​ gap:​ 0.5rem;​ background-color:​ rgba(0, 0, 0, 0.1)​;​ top:​ 1rem;​ right:​ 1rem;​">​</div>​flexscroll
05:28:43.372 notification-handler.js:80 [NOTIFICATION] Container already exists: <div id=​"notificationArea" role=​"region" aria-label=​"Notifications" style=​"position:​ fixed;​ z-index:​ 10000;​ max-width:​ 28rem;​ width:​ calc(-2rem + 100vw)​;​ pointer-events:​ none;​ display:​ flex;​ flex-direction:​ column;​ gap:​ 0.5rem;​ background-color:​ rgba(0, 0, 0, 0.1)​;​ top:​ 1rem;​ right:​ 1rem;​">​</div>​flexscroll
05:28:43.372 notification-handler.js:80 [NOTIFICATION] Container already exists: <div id=​"notificationArea" role=​"region" aria-label=​"Notifications" style=​"position:​ fixed;​ z-index:​ 10000;​ max-width:​ 28rem;​ width:​ calc(-2rem + 100vw)​;​ pointer-events:​ none;​ display:​ flex;​ flex-direction:​ column;​ gap:​ 0.5rem;​ background-color:​ rgba(0, 0, 0, 0.1)​;​ top:​ 1rem;​ right:​ 1rem;​">​</div>​flexscroll
05:28:43.372 notification-handler.js:34 [2025-05-14T10:28:43.372Z] NOTIFICATION SYSTEM ACTIVE
05:28:43.372 notification-handler.js:38 [2025-05-14T10:28:43.372Z] [EventHandler:auth:bindAuthButtonDelegate] Delegated click listener bound for #authButton {originalError: undefined, timeout: 3000, id: 'debug-1747218523372', group: undefined}
05:28:43.372 notification-handler.js:241 [NOTIFICATION] show() called with message: "Delegated click listener bound for #authButton", type: debug {timeout: 3000, id: 'debug-1747218523372', context: 'auth', module: 'EventHandler', source: 'bindAuthButtonDelegate', …}
05:28:43.373 notification-handler.js:34 [2025-05-14T10:28:43.373Z] NOTIFICATION SYSTEM ACTIVE
05:28:43.373 notification-handler.js:38 [2025-05-14T10:28:43.373Z] [notifications-helpers:debugTools:stop] [trace:stop] EventHandler.init (7.6 ms) {originalError: undefined, timeout: 3000, label: 'EventHandler.init', duration: 7.6, id: 'debug-1747218523373', …}
05:28:43.373 notification-handler.js:241 [NOTIFICATION] show() called with message: "[trace:stop] EventHandler.init (7.6 ms)", type: debug {timeout: 3000, label: 'EventHandler.init', duration: 7.6, id: 'debug-1747218523373', context: 'debugTools', …}
05:28:43.373 notification-handler.js:34 [2025-05-14T10:28:43.373Z] NOTIFICATION SYSTEM ACTIVE
05:28:43.373 notification-handler.js:42 [2025-05-14T10:28:43.373Z] [EventHandler:init:init] EventHandler module initialized successfully. {originalError: undefined, timeout: 4000, id: 'info-1747218523373', group: undefined}
05:28:43.373 notification-handler.js:241 [NOTIFICATION] show() called with message: "EventHandler module initialized successfully.", type: info {timeout: 4000, id: 'info-1747218523373', context: 'init', module: 'EventHandler', source: 'init', …}
05:28:43.373 (index):103 [DependencySystem] Registering module: projectDashboard
05:28:43.374 (index):103 [DependencySystem] Registering module: projectModal
05:28:43.374 notification-handler.js:253 [NOTIFICATION] Container created: <div id=​"notificationArea" role=​"region" aria-label=​"Notifications" style=​"position:​ fixed;​ z-index:​ 10000;​ max-width:​ 28rem;​ width:​ calc(-2rem + 100vw)​;​ pointer-events:​ none;​ display:​ flex;​ flex-direction:​ column;​ gap:​ 0.5rem;​ background-color:​ rgba(0, 0, 0, 0.1)​;​ top:​ 1rem;​ right:​ 1rem;​">​</div>​flexscroll
05:28:43.374 notification-handler.js:254 [NOTIFICATION] Container children: 5
05:28:43.374 notification-handler.js:270 [NOTIFICATION] Banner added to container
05:28:43.374 notification-handler.js:253 [NOTIFICATION] Container created: <div id=​"notificationArea" role=​"region" aria-label=​"Notifications" style=​"position:​ fixed;​ z-index:​ 10000;​ max-width:​ 28rem;​ width:​ calc(-2rem + 100vw)​;​ pointer-events:​ none;​ display:​ flex;​ flex-direction:​ column;​ gap:​ 0.5rem;​ background-color:​ rgba(0, 0, 0, 0.1)​;​ top:​ 1rem;​ right:​ 1rem;​">​</div>​flexscroll
05:28:43.374 notification-handler.js:254 [NOTIFICATION] Container children: 5
05:28:43.375 notification-handler.js:270 [NOTIFICATION] Banner added to container
05:28:43.375 notification-handler.js:253 [NOTIFICATION] Container created: <div id=​"notificationArea" role=​"region" aria-label=​"Notifications" style=​"position:​ fixed;​ z-index:​ 10000;​ max-width:​ 28rem;​ width:​ calc(-2rem + 100vw)​;​ pointer-events:​ none;​ display:​ flex;​ flex-direction:​ column;​ gap:​ 0.5rem;​ background-color:​ rgba(0, 0, 0, 0.1)​;​ top:​ 1rem;​ right:​ 1rem;​">​</div>​flexscroll
05:28:43.375 notification-handler.js:254 [NOTIFICATION] Container children: 5
05:28:43.375 notification-handler.js:270 [NOTIFICATION] Banner added to container
05:28:43.375 notification-handler.js:253 [NOTIFICATION] Container created: <div id=​"notificationArea" role=​"region" aria-label=​"Notifications" style=​"position:​ fixed;​ z-index:​ 10000;​ max-width:​ 28rem;​ width:​ calc(-2rem + 100vw)​;​ pointer-events:​ none;​ display:​ flex;​ flex-direction:​ column;​ gap:​ 0.5rem;​ background-color:​ rgba(0, 0, 0, 0.1)​;​ top:​ 1rem;​ right:​ 1rem;​">​</div>​flexscroll
05:28:43.375 notification-handler.js:254 [NOTIFICATION] Container children: 5
05:28:43.375 notification-handler.js:270 [NOTIFICATION] Banner added to container
05:28:43.375 notification-handler.js:253 [NOTIFICATION] Container created: <div id=​"notificationArea" role=​"region" aria-label=​"Notifications" style=​"position:​ fixed;​ z-index:​ 10000;​ max-width:​ 28rem;​ width:​ calc(-2rem + 100vw)​;​ pointer-events:​ none;​ display:​ flex;​ flex-direction:​ column;​ gap:​ 0.5rem;​ background-color:​ rgba(0, 0, 0, 0.1)​;​ top:​ 1rem;​ right:​ 1rem;​">​</div>​flexscroll
05:28:43.375 notification-handler.js:254 [NOTIFICATION] Container children: 5
05:28:43.375 notification-handler.js:270 [NOTIFICATION] Banner added to container
05:28:43.375 notification-handler.js:253 [NOTIFICATION] Container created: <div id=​"notificationArea" role=​"region" aria-label=​"Notifications" style=​"position:​ fixed;​ z-index:​ 10000;​ max-width:​ 28rem;​ width:​ calc(-2rem + 100vw)​;​ pointer-events:​ none;​ display:​ flex;​ flex-direction:​ column;​ gap:​ 0.5rem;​ background-color:​ rgba(0, 0, 0, 0.1)​;​ top:​ 1rem;​ right:​ 1rem;​">​</div>​flexscroll
05:28:43.375 notification-handler.js:254 [NOTIFICATION] Container children: 5
05:28:43.375 notification-handler.js:270 [NOTIFICATION] Banner added to container
05:28:43.375 notification-handler.js:76 [NOTIFICATION] ensureContainer called
05:28:43.375 notification-handler.js:76 [NOTIFICATION] ensureContainer called
05:28:43.376 notification-handler.js:34 [2025-05-14T10:28:43.376Z] NOTIFICATION SYSTEM ACTIVE
05:28:43.376 notification-handler.js:38 [2025-05-14T10:28:43.376Z] [NavigationService:navigationService:registerView] View "projectList" registered {originalError: undefined, timeout: 3000, id: 'debug-1747218523376', group: undefined}
05:28:43.376 notification-handler.js:241 [NOTIFICATION] show() called with message: "View "projectList" registered", type: debug {timeout: 3000, id: 'debug-1747218523376', context: 'navigationService', module: 'NavigationService', source: 'registerView', …}
05:28:43.376 notification-handler.js:34 [2025-05-14T10:28:43.376Z] NOTIFICATION SYSTEM ACTIVE
05:28:43.376 notification-handler.js:38 [2025-05-14T10:28:43.376Z] [NavigationService:navigationService:registerView] View "projectDetails" registered {originalError: undefined, timeout: 3000, id: 'debug-1747218523376', group: undefined}
05:28:43.376 notification-handler.js:241 [NOTIFICATION] show() called with message: "View "projectDetails" registered", type: debug {timeout: 3000, id: 'debug-1747218523376', context: 'navigationService', module: 'NavigationService', source: 'registerView', …}
05:28:43.376 notification-handler.js:80 [NOTIFICATION] Container already exists: <div id=​"notificationArea" role=​"region" aria-label=​"Notifications" style=​"position:​ fixed;​ z-index:​ 10000;​ max-width:​ 28rem;​ width:​ calc(-2rem + 100vw)​;​ pointer-events:​ none;​ display:​ flex;​ flex-direction:​ column;​ gap:​ 0.5rem;​ background-color:​ rgba(0, 0, 0, 0.1)​;​ top:​ 1rem;​ right:​ 1rem;​">​</div>​flexscroll
05:28:43.376 notification-handler.js:80 [NOTIFICATION] Container already exists: <div id=​"notificationArea" role=​"region" aria-label=​"Notifications" style=​"position:​ fixed;​ z-index:​ 10000;​ max-width:​ 28rem;​ width:​ calc(-2rem + 100vw)​;​ pointer-events:​ none;​ display:​ flex;​ flex-direction:​ column;​ gap:​ 0.5rem;​ background-color:​ rgba(0, 0, 0, 0.1)​;​ top:​ 1rem;​ right:​ 1rem;​">​</div>​flexscroll
05:28:43.376 notification-handler.js:76 [NOTIFICATION] ensureContainer called
05:28:43.376 notification-handler.js:76 [NOTIFICATION] ensureContainer called
05:28:43.377 notification-handler.js:76 [NOTIFICATION] ensureContainer called
05:28:43.377 notification-handler.js:253 [NOTIFICATION] Container created: <div id=​"notificationArea" role=​"region" aria-label=​"Notifications" style=​"position:​ fixed;​ z-index:​ 10000;​ max-width:​ 28rem;​ width:​ calc(-2rem + 100vw)​;​ pointer-events:​ none;​ display:​ flex;​ flex-direction:​ column;​ gap:​ 0.5rem;​ background-color:​ rgba(0, 0, 0, 0.1)​;​ top:​ 1rem;​ right:​ 1rem;​">​</div>​flexscroll
05:28:43.377 notification-handler.js:254 [NOTIFICATION] Container children: 5
05:28:43.377 notification-handler.js:270 [NOTIFICATION] Banner added to container
05:28:43.377 notification-handler.js:253 [NOTIFICATION] Container created: <div id=​"notificationArea" role=​"region" aria-label=​"Notifications" style=​"position:​ fixed;​ z-index:​ 10000;​ max-width:​ 28rem;​ width:​ calc(-2rem + 100vw)​;​ pointer-events:​ none;​ display:​ flex;​ flex-direction:​ column;​ gap:​ 0.5rem;​ background-color:​ rgba(0, 0, 0, 0.1)​;​ top:​ 1rem;​ right:​ 1rem;​">​</div>​flexscroll
05:28:43.377 notification-handler.js:254 [NOTIFICATION] Container children: 5
05:28:43.377 notification-handler.js:270 [NOTIFICATION] Banner added to container
05:28:43.377 notification-handler.js:80 [NOTIFICATION] Container already exists: <div id=​"notificationArea" role=​"region" aria-label=​"Notifications" style=​"position:​ fixed;​ z-index:​ 10000;​ max-width:​ 28rem;​ width:​ calc(-2rem + 100vw)​;​ pointer-events:​ none;​ display:​ flex;​ flex-direction:​ column;​ gap:​ 0.5rem;​ background-color:​ rgba(0, 0, 0, 0.1)​;​ top:​ 1rem;​ right:​ 1rem;​">​</div>​flexscroll
05:28:43.377 notification-handler.js:80 [NOTIFICATION] Container already exists: <div id=​"notificationArea" role=​"region" aria-label=​"Notifications" style=​"position:​ fixed;​ z-index:​ 10000;​ max-width:​ 28rem;​ width:​ calc(-2rem + 100vw)​;​ pointer-events:​ none;​ display:​ flex;​ flex-direction:​ column;​ gap:​ 0.5rem;​ background-color:​ rgba(0, 0, 0, 0.1)​;​ top:​ 1rem;​ right:​ 1rem;​">​</div>​flexscroll
05:28:43.377 notification-handler.js:80 [NOTIFICATION] Container already exists: <div id=​"notificationArea" role=​"region" aria-label=​"Notifications" style=​"position:​ fixed;​ z-index:​ 10000;​ max-width:​ 28rem;​ width:​ calc(-2rem + 100vw)​;​ pointer-events:​ none;​ display:​ flex;​ flex-direction:​ column;​ gap:​ 0.5rem;​ background-color:​ rgba(0, 0, 0, 0.1)​;​ top:​ 1rem;​ right:​ 1rem;​">​</div>​flexscroll
05:28:43.378 notification-handler.js:76 [NOTIFICATION] ensureContainer called
05:28:43.378 notification-handler.js:76 [NOTIFICATION] ensureContainer called
05:28:43.378 notification-handler.js:253 [NOTIFICATION] Container created: <div id=​"notificationArea" role=​"region" aria-label=​"Notifications" style=​"position:​ fixed;​ z-index:​ 10000;​ max-width:​ 28rem;​ width:​ calc(-2rem + 100vw)​;​ pointer-events:​ none;​ display:​ flex;​ flex-direction:​ column;​ gap:​ 0.5rem;​ background-color:​ rgba(0, 0, 0, 0.1)​;​ top:​ 1rem;​ right:​ 1rem;​">​</div>​flexscroll
05:28:43.378 notification-handler.js:254 [NOTIFICATION] Container children: 5
05:28:43.378 notification-handler.js:270 [NOTIFICATION] Banner added to container
05:28:43.378 notification-handler.js:253 [NOTIFICATION] Container created: <div id=​"notificationArea" role=​"region" aria-label=​"Notifications" style=​"position:​ fixed;​ z-index:​ 10000;​ max-width:​ 28rem;​ width:​ calc(-2rem + 100vw)​;​ pointer-events:​ none;​ display:​ flex;​ flex-direction:​ column;​ gap:​ 0.5rem;​ background-color:​ rgba(0, 0, 0, 0.1)​;​ top:​ 1rem;​ right:​ 1rem;​">​</div>​flexscroll
05:28:43.378 notification-handler.js:254 [NOTIFICATION] Container children: 5
05:28:43.378 notification-handler.js:270 [NOTIFICATION] Banner added to container
05:28:43.378 notification-handler.js:253 [NOTIFICATION] Container created: <div id=​"notificationArea" role=​"region" aria-label=​"Notifications" style=​"position:​ fixed;​ z-index:​ 10000;​ max-width:​ 28rem;​ width:​ calc(-2rem + 100vw)​;​ pointer-events:​ none;​ display:​ flex;​ flex-direction:​ column;​ gap:​ 0.5rem;​ background-color:​ rgba(0, 0, 0, 0.1)​;​ top:​ 1rem;​ right:​ 1rem;​">​</div>​flexscroll
05:28:43.378 notification-handler.js:254 [NOTIFICATION] Container children: 5
05:28:43.378 notification-handler.js:270 [NOTIFICATION] Banner added to container
05:28:43.378 notification-handler.js:80 [NOTIFICATION] Container already exists: <div id=​"notificationArea" role=​"region" aria-label=​"Notifications" style=​"position:​ fixed;​ z-index:​ 10000;​ max-width:​ 28rem;​ width:​ calc(-2rem + 100vw)​;​ pointer-events:​ none;​ display:​ flex;​ flex-direction:​ column;​ gap:​ 0.5rem;​ background-color:​ rgba(0, 0, 0, 0.1)​;​ top:​ 1rem;​ right:​ 1rem;​">​</div>​flexscroll
05:28:43.379 notification-handler.js:80 [NOTIFICATION] Container already exists: <div id=​"notificationArea" role=​"region" aria-label=​"Notifications" style=​"position:​ fixed;​ z-index:​ 10000;​ max-width:​ 28rem;​ width:​ calc(-2rem + 100vw)​;​ pointer-events:​ none;​ display:​ flex;​ flex-direction:​ column;​ gap:​ 0.5rem;​ background-color:​ rgba(0, 0, 0, 0.1)​;​ top:​ 1rem;​ right:​ 1rem;​">​</div>​flexscroll
05:28:43.379 notification-handler.js:253 [NOTIFICATION] Container created: <div id=​"notificationArea" role=​"region" aria-label=​"Notifications" style=​"position:​ fixed;​ z-index:​ 10000;​ max-width:​ 28rem;​ width:​ calc(-2rem + 100vw)​;​ pointer-events:​ none;​ display:​ flex;​ flex-direction:​ column;​ gap:​ 0.5rem;​ background-color:​ rgba(0, 0, 0, 0.1)​;​ top:​ 1rem;​ right:​ 1rem;​">​</div>​flexscroll
05:28:43.379 notification-handler.js:254 [NOTIFICATION] Container children: 5
05:28:43.379 notification-handler.js:270 [NOTIFICATION] Banner added to container
05:28:43.379 notification-handler.js:253 [NOTIFICATION] Container created: <div id=​"notificationArea" role=​"region" aria-label=​"Notifications" style=​"position:​ fixed;​ z-index:​ 10000;​ max-width:​ 28rem;​ width:​ calc(-2rem + 100vw)​;​ pointer-events:​ none;​ display:​ flex;​ flex-direction:​ column;​ gap:​ 0.5rem;​ background-color:​ rgba(0, 0, 0, 0.1)​;​ top:​ 1rem;​ right:​ 1rem;​">​</div>​flexscroll
05:28:43.379 notification-handler.js:254 [NOTIFICATION] Container children: 5
05:28:43.379 notification-handler.js:270 [NOTIFICATION] Banner added to container
05:28:43.664 Fetch finished loading: POST "<URL>".
05:28:43.664 Fetch finished loading: POST "<URL>".
05:28:43.664 Fetch finished loading: POST "<URL>".
05:28:43.664 Fetch finished loading: POST "<URL>".
05:28:43.664 Fetch finished loading: POST "<URL>".
05:28:43.664 Fetch finished loading: POST "<URL>".
05:28:52.637 localhost/:1  Blocked aria-hidden on an element because its descendant retained focus. The focus must not be hidden from assistive technology users. Avoid using aria-hidden on a focused element or its ancestor. Consider using the inert attribute instead, which will also prevent focus. For more details, see the aria-hidden section of the WAI-ARIA specification at https://w3c.github.io/aria/#aria-hidden.
Element with focus: <input.input input-sm input-bordered w-full#sidebarPassword>
Ancestor with aria-hidden: <nav.fixed md:relative inset-0 md:inset-y-0 md:left-0 z-50 w-4/5 max-w-xs md:w-72 bg-base-100 shadow-xl md:shadow-none border-r border-base-300 transform transition-transform duration-300 ease-in-out?                -translate-x-full md:translate-x-0 overflow-y-auto h-[100dvh] md:h-full flex flex-col sidebar focus-within:ring-2 focus-within:ring-primary focus-within:outline-none?                p-0 md:p-0 pt-[env(safe-area-inset-top)] pb-[env(safe-area-inset-bottom)] touch-pan-y overscroll-contain#mainSidebar> <nav id=​"mainSidebar" aria-labelledby=​"sidebarHeading" aria-hidden=​"true" class=​"fixed md:​relative inset-0 md:​inset-y-0 md:​left-0 z-50 w-4/​5 max-w-xs md:​w-72 bg-base-100 shadow-xl md:​shadow-none border-r border-base-300 transform transition-transform duration-300 ease-in-out
                -translate-x-full md:​translate-x-0 overflow-y-auto h-[100dvh]​ md:​h-full flex flex-col sidebar focus-within:​ring-2 focus-within:​ring-primary focus-within:​outline-none
                p-0 md:​p-0 pt-[env(safe-area-inset-top)​]​ pb-[env(safe-area-inset-bottom)​]​ touch-pan-y overscroll-contain">​…​</nav>​flex
